2020-05-02 14:15:39,666 [myid:] - INFO  [pt.tecnico.sauron.silo.SiloServerApp.main():Environment@98] - Client environment:zookeeper.version=3.6.0--b4c89dc7f6083829e18fae6e446907ae0b1f22d7, built on 02/25/2020 14:38 GMT
2020-05-02 14:15:39,668 [myid:] - INFO  [pt.tecnico.sauron.silo.SiloServerApp.main():Environment@98] - Client environment:host.name=LAPTOP-0799842H
2020-05-02 14:15:39,669 [myid:] - INFO  [pt.tecnico.sauron.silo.SiloServerApp.main():Environment@98] - Client environment:java.version=11.0.6
2020-05-02 14:15:39,669 [myid:] - INFO  [pt.tecnico.sauron.silo.SiloServerApp.main():Environment@98] - Client environment:java.vendor=AdoptOpenJDK
2020-05-02 14:15:39,746 [myid:] - INFO  [pt.tecnico.sauron.silo.SiloServerApp.main():Environment@98] - Client environment:java.home=C:\Program Files\AdoptOpenJDK\jdk-11.0.6.10-hotspot
2020-05-02 14:15:39,746 [myid:] - INFO  [pt.tecnico.sauron.silo.SiloServerApp.main():Environment@98] - Client environment:java.class.path=E:/Documentos/_ist/4 ano/2S/SDis/apache-maven-3.6.3/boot/plexus-classworlds-2.6.0.jar
2020-05-02 14:15:39,746 [myid:] - INFO  [pt.tecnico.sauron.silo.SiloServerApp.main():Environment@98] - Client environment:java.library.path=C:\Program Files\AdoptOpenJDK\jdk-11.0.6.10-hotspot\bin;C:\WINDOWS\Sun\Java\bin;C:\WINDOWS\system32;C:\WINDOWS;C:\Users\joaoc\bin;E:\Programas\Git\mingw64\bin;E:\Programas\Git\usr\local\bin;E:\Programas\Git\usr\bin;E:\Programas\Git\usr\bin;E:\Programas\Git\mingw64\bin;E:\Programas\Git\usr\bin;C:\Users\joaoc\bin;C:\Program Files (x86)\Common Files\Oracle\Java\javapath;C:\Program Files (x86)\Intel\iCLS Client;C:\Program Files\Intel\iCLS Client;C:\Windows\system32;C:\Windows;C:\Windows\System32\Wbem;C:\Windows\System32\WindowsPowerShell\v1.0;C:\Program Files (x86)\Intel\Intel(R) Management Engine Components\DAL;C:\Program Files\Intel\Intel(R) Management Engine Components\DAL;C:\Program Files (x86)\Intel\Intel(R) Management Engine Components\IPT;C:\Program Files\Intel\Intel(R) Management Engine Components\IPT;C:\Program Files (x86)\NVIDIA Corporation\PhysX\Common;C:\WINDOWS\system32;C:\WINDOWS;C:\WINDOWS\System32\Wbem;C:\WINDOWS\System32\WindowsPowerShell\v1.0;C:\WINDOWS\System32\OpenSSH;C:\Program Files (x86)\Windows Live\Shared;E:\Programas\Putty;C:\Users\joaoc\AppData\Local\Programs\Python\Python37;C:\Program Files\Java\jdk1.8.0_202\bin;C:\Program Files\MySQL\MySQL Server 5.7\bin;E:\Programas\eclipse;C:\Program Files\MySQL\MySQL Utilities 1.6;E:\Documentos\_ist\3 ano\2 semestre\ES\j_meter\apache-jmeter-5.1\bin;C:\ProgramData\chocolatey\bin;C:\HashiCorp\Vagrant\bin;E:\Programas\Git\cmd;E:\Programas\Git\mingw64\bin;E:\Programas\Git\usr\bin;C:\Program Files\AdoptOpenJDK\jdk-11.0.6.10-hotspot\bin;E:\Documentos\_ist\4 ano\2S\SDis\apache-maven-3.6.3\bin;C:\Users\joaoc\AppData\Local\Programs\Python\Python37\Scripts;C:\Users\joaoc\AppData\Local\Programs\Python\Python37;C:\Users\joaoc\AppData\Local\Microsoft\WindowsApps;E:\Programas\VirtualBox;E:\Programas\Git\usr\bin\vendor_perl;E:\Programas\Git\usr\bin\core_perl;.
2020-05-02 14:15:39,746 [myid:] - INFO  [pt.tecnico.sauron.silo.SiloServerApp.main():Environment@98] - Client environment:java.io.tmpdir=C:\Users\joaoc\AppData\Local\Temp\
2020-05-02 14:15:39,746 [myid:] - INFO  [pt.tecnico.sauron.silo.SiloServerApp.main():Environment@98] - Client environment:java.compiler=<NA>
2020-05-02 14:15:39,746 [myid:] - INFO  [pt.tecnico.sauron.silo.SiloServerApp.main():Environment@98] - Client environment:os.name=Windows 10
2020-05-02 14:15:39,746 [myid:] - INFO  [pt.tecnico.sauron.silo.SiloServerApp.main():Environment@98] - Client environment:os.arch=amd64
2020-05-02 14:15:39,746 [myid:] - INFO  [pt.tecnico.sauron.silo.SiloServerApp.main():Environment@98] - Client environment:os.version=10.0
2020-05-02 14:15:39,746 [myid:] - INFO  [pt.tecnico.sauron.silo.SiloServerApp.main():Environment@98] - Client environment:user.name=Jcjantunes
2020-05-02 14:15:39,746 [myid:] - INFO  [pt.tecnico.sauron.silo.SiloServerApp.main():Environment@98] - Client environment:user.home=C:\Users\joaoc
2020-05-02 14:15:39,746 [myid:] - INFO  [pt.tecnico.sauron.silo.SiloServerApp.main():Environment@98] - Client environment:user.dir=E:\Documentos\_ist\4 ano\2S\SDis\projeto parte 2\T01-Sauron\silo-server
2020-05-02 14:15:39,746 [myid:] - INFO  [pt.tecnico.sauron.silo.SiloServerApp.main():Environment@98] - Client environment:os.memory.free=212MB
2020-05-02 14:15:39,747 [myid:] - INFO  [pt.tecnico.sauron.silo.SiloServerApp.main():Environment@98] - Client environment:os.memory.max=4070MB
2020-05-02 14:15:39,747 [myid:] - INFO  [pt.tecnico.sauron.silo.SiloServerApp.main():Environment@98] - Client environment:os.memory.total=256MB
2020-05-02 14:15:39,751 [myid:] - INFO  [pt.tecnico.sauron.silo.SiloServerApp.main():ZooKeeper@1005] - Initiating client connection, connectString=localhost:2181 sessionTimeout=5000 watcher=pt.ulisboa.tecnico.sdis.zk.ZKNaming$1@6275749f
2020-05-02 14:15:39,755 [myid:] - INFO  [pt.tecnico.sauron.silo.SiloServerApp.main():X509Util@77] - Setting -D jdk.tls.rejectClientInitiatedRenegotiation=true to disable client-initiated TLS renegotiation
2020-05-02 14:15:40,282 [myid:] - INFO  [pt.tecnico.sauron.silo.SiloServerApp.main():ClientCnxnSocket@239] - jute.maxbuffer value is 1048575 Bytes
2020-05-02 14:15:40,289 [myid:] - INFO  [pt.tecnico.sauron.silo.SiloServerApp.main():ClientCnxn@1703] - zookeeper.request.timeout value is 0. feature enabled=false
2020-05-02 14:15:40,302 [myid:localhost:2181] - INFO  [pt.tecnico.sauron.silo.SiloServerApp.main(localhost:2181):ClientCnxn$SendThread@1154] - Opening socket connection to server localhost/0:0:0:0:0:0:0:1:2181.
2020-05-02 14:15:40,303 [myid:localhost:2181] - INFO  [pt.tecnico.sauron.silo.SiloServerApp.main(localhost:2181):ClientCnxn$SendThread@1156] - SASL config status: Will not attempt to authenticate using SASL (unknown error)
2020-05-02 14:15:40,306 [myid:localhost:2181] - INFO  [pt.tecnico.sauron.silo.SiloServerApp.main(localhost:2181):ClientCnxn$SendThread@986] - Socket connection established, initiating session, client: /0:0:0:0:0:0:0:1:64805, server: localhost/0:0:0:0:0:0:0:1:2181
2020-05-02 14:15:40,433 [myid:localhost:2181] - INFO  [pt.tecnico.sauron.silo.SiloServerApp.main(localhost:2181):ClientCnxn$SendThread@1420] - Session establishment complete on server localhost/0:0:0:0:0:0:0:1:2181, session id = 0x1002d1016b60000, negotiated timeout = 5000
2020-05-02 14:15:40,446 [myid:] - INFO  [pt.tecnico.sauron.silo.SiloServerApp.main():ZooKeeper@1005] - Initiating client connection, connectString=localhost:2181 sessionTimeout=5000 watcher=pt.ulisboa.tecnico.sdis.zk.ZKNaming$1@2df7d358
2020-05-02 14:15:40,447 [myid:] - INFO  [pt.tecnico.sauron.silo.SiloServerApp.main():ClientCnxnSocket@239] - jute.maxbuffer value is 1048575 Bytes
2020-05-02 14:15:40,447 [myid:] - INFO  [pt.tecnico.sauron.silo.SiloServerApp.main():ClientCnxn@1703] - zookeeper.request.timeout value is 0. feature enabled=false
2020-05-02 14:15:40,448 [myid:localhost:2181] - INFO  [pt.tecnico.sauron.silo.SiloServerApp.main(localhost:2181):ClientCnxn$SendThread@1154] - Opening socket connection to server localhost/0:0:0:0:0:0:0:1:2181.
2020-05-02 14:15:40,448 [myid:localhost:2181] - INFO  [pt.tecnico.sauron.silo.SiloServerApp.main(localhost:2181):ClientCnxn$SendThread@1156] - SASL config status: Will not attempt to authenticate using SASL (unknown error)
2020-05-02 14:15:40,449 [myid:localhost:2181] - INFO  [pt.tecnico.sauron.silo.SiloServerApp.main(localhost:2181):ClientCnxn$SendThread@986] - Socket connection established, initiating session, client: /0:0:0:0:0:0:0:1:64808, server: localhost/0:0:0:0:0:0:0:1:2181
2020-05-02 14:15:40,493 [myid:localhost:2181] - INFO  [pt.tecnico.sauron.silo.SiloServerApp.main(localhost:2181):ClientCnxn$SendThread@1420] - Session establishment complete on server localhost/0:0:0:0:0:0:0:1:2181, session id = 0x1002d1016b60001, negotiated timeout = 5000
2020-05-02 14:15:40,688 [myid:] - INFO  [pt.tecnico.sauron.silo.SiloServerApp.main():ZooKeeper@1618] - Session: 0x1002d1016b60001 closed
2020-05-02 14:15:40,688 [myid:] - INFO  [pt.tecnico.sauron.silo.SiloServerApp.main()-EventThread:ClientCnxn$EventThread@566] - EventThread shut down for session: 0x1002d1016b60001
2020-05-02 14:16:51,251 [myid:] - INFO  [pt.tecnico.sauron.silo.SiloServerApp.main():ZooKeeper@1005] - Initiating client connection, connectString=localhost:2181 sessionTimeout=5000 watcher=pt.ulisboa.tecnico.sdis.zk.ZKNaming$1@34c927cb
2020-05-02 14:16:51,252 [myid:] - INFO  [pt.tecnico.sauron.silo.SiloServerApp.main():ClientCnxnSocket@239] - jute.maxbuffer value is 1048575 Bytes
2020-05-02 14:16:51,252 [myid:] - INFO  [pt.tecnico.sauron.silo.SiloServerApp.main():ClientCnxn@1703] - zookeeper.request.timeout value is 0. feature enabled=false
2020-05-02 14:16:51,262 [myid:localhost:2181] - INFO  [pt.tecnico.sauron.silo.SiloServerApp.main(localhost:2181):ClientCnxn$SendThread@1154] - Opening socket connection to server localhost/127.0.0.1:2181.
2020-05-02 14:16:51,262 [myid:localhost:2181] - INFO  [pt.tecnico.sauron.silo.SiloServerApp.main(localhost:2181):ClientCnxn$SendThread@1156] - SASL config status: Will not attempt to authenticate using SASL (unknown error)
2020-05-02 14:16:51,263 [myid:localhost:2181] - INFO  [pt.tecnico.sauron.silo.SiloServerApp.main(localhost:2181):ClientCnxn$SendThread@986] - Socket connection established, initiating session, client: /127.0.0.1:65041, server: localhost/127.0.0.1:2181
2020-05-02 14:16:51,292 [myid:localhost:2181] - INFO  [pt.tecnico.sauron.silo.SiloServerApp.main(localhost:2181):ClientCnxn$SendThread@1420] - Session establishment complete on server localhost/127.0.0.1:2181, session id = 0x1002d1016b6002f, negotiated timeout = 5000
2020-05-02 14:16:51,461 [myid:] - INFO  [pt.tecnico.sauron.silo.SiloServerApp.main():ZooKeeper@1618] - Session: 0x1002d1016b6002f closed
2020-05-02 14:16:51,461 [myid:] - INFO  [pt.tecnico.sauron.silo.SiloServerApp.main()-EventThread:ClientCnxn$EventThread@566] - EventThread shut down for session: 0x1002d1016b6002f
2020-05-02 14:16:51,464 [myid:] - ERROR [pt.tecnico.sauron.silo.SiloServerApp.main()-EventThread:ClientCnxn$EventThread@563] - Event thread exiting due to interruption
java.lang.InterruptedException
	at java.base/java.util.concurrent.locks.AbstractQueuedSynchronizer$ConditionObject.reportInterruptAfterWait(AbstractQueuedSynchronizer.java:2056)
	at java.base/java.util.concurrent.locks.AbstractQueuedSynchronizer$ConditionObject.await(AbstractQueuedSynchronizer.java:2090)
	at java.base/java.util.concurrent.LinkedBlockingQueue.take(LinkedBlockingQueue.java:433)
	at org.apache.zookeeper.ClientCnxn$EventThread.run(ClientCnxn.java:547)
2020-05-02 14:16:51,468 [myid:] - INFO  [pt.tecnico.sauron.silo.SiloServerApp.main()-EventThread:ClientCnxn$EventThread@566] - EventThread shut down for session: 0x1002d1016b60000
